<?xml version="1.0" encoding="UTF-8"?>
<!-- Generated by org.testng.reporters.JUnitXMLReporter -->
<testsuite ignored="1" hostname="DESKTOP-KOE9CHU" failures="3" tests="7" name="cross browser testing in firefox" time="44.287" errors="0" timestamp="2023-07-08T14:15:35 IST">
  <testcase classname="TestLayer1.LoginPage" name="validateloginFunctionality" time="17.024"/>
  <testcase classname="TestLayer1.Homepage" name="homePageTitle" time="0.003">
    <failure type="java.lang.NullPointerException">
      <![CDATA[java.lang.NullPointerException
at TestLayer1.Homepage.homePageTitle(Homepage.java:12)
at java.base/java.util.ArrayList.forEach(ArrayList.java:1541)
at java.base/java.util.concurrent.FutureTask.run(FutureTask.java:264)
at java.base/java.util.concurrent.ThreadPoolExecutor.runWorker(ThreadPoolExecutor.java:1128)
at java.base/java.util.concurrent.ThreadPoolExecutor$Worker.run(ThreadPoolExecutor.java:628)
at java.base/java.lang.Thread.run(Thread.java:834)
... Removed 18 stack frames]]>
    </failure>
  </testcase> <!-- homePageTitle -->
  <testcase classname="TestLayer1.Homepage" name="homePagrUrl" time="0.006">
    <failure type="java.lang.NullPointerException">
      <![CDATA[java.lang.NullPointerException
at TestLayer1.Homepage.homePagrUrl(Homepage.java:20)
at java.base/java.util.ArrayList.forEach(ArrayList.java:1541)
at java.base/java.util.concurrent.FutureTask.run(FutureTask.java:264)
at java.base/java.util.concurrent.ThreadPoolExecutor.runWorker(ThreadPoolExecutor.java:1128)
at java.base/java.util.concurrent.ThreadPoolExecutor$Worker.run(ThreadPoolExecutor.java:628)
at java.base/java.lang.Thread.run(Thread.java:834)
... Removed 18 stack frames]]>
    </failure>
  </testcase> <!-- homePagrUrl -->
  <testcase classname="TestLayer1.Homepage" name="homePagrLogo" time="0.004">
    <failure type="java.lang.NullPointerException">
      <![CDATA[java.lang.NullPointerException
at TestLayer1.Homepage.homePagrLogo(Homepage.java:27)
at java.base/java.util.ArrayList.forEach(ArrayList.java:1541)
at java.base/java.util.concurrent.FutureTask.run(FutureTask.java:264)
at java.base/java.util.concurrent.ThreadPoolExecutor.runWorker(ThreadPoolExecutor.java:1128)
at java.base/java.util.concurrent.ThreadPoolExecutor$Worker.run(ThreadPoolExecutor.java:628)
at java.base/java.lang.Thread.run(Thread.java:834)
... Removed 18 stack frames]]>
    </failure>
  </testcase> <!-- homePagrLogo -->
  <testcase classname="TestLayer1.PimPage" name="pimPageLink" time="0.0">
    <skipped/>
  </testcase> <!-- pimPageLink -->
  <testcase classname="TestLayer1.PimPage" name="addMoreDetails" time="0.0">
    <skipped/>
  </testcase> <!-- addMoreDetails -->
  <testcase classname="TestLayer1.EmployeeSearchPage" name="searchEmployeeByName" time="0.0">
    <skipped/>
  </testcase> <!-- searchEmployeeByName -->
  <testcase classname="TestLayer1.LoginPage" name="setup" time="0.0">
    <ignored/>
  </testcase> <!-- setup -->
</testsuite> <!-- cross browser testing in firefox -->
