<?xml version="1.0" encoding="UTF-8"?>
<!-- Generated by org.testng.reporters.JUnitXMLReporter -->
<testsuite ignored="0" hostname="DESKTOP-KOE9CHU" failures="0" tests="7" name="cross browser testing in edge" time="54.798" errors="0" timestamp="2023-07-08T14:50:05 IST">
  <testcase classname="TestLayer.Loginpage" name="validateloginFunctionality" time="1.752"/>
  <testcase classname="TestLayer.HomePage" name="homePageTitle" time="1.146"/>
  <testcase classname="TestLayer.HomePage" name="homePagrUrl" time="0.019"/>
  <testcase classname="TestLayer.HomePage" name="homePagrLogo" time="0.608"/>
  <testcase classname="TestLayer.PimPage" name="pimPageLink" time="14.467"/>
  <testcase classname="TestLayer.PimPage" name="addMoreDetails" time="16.569"/>
  <testcase classname="TestLayer.EmployeeSearchPage" name="searchEmployeeByName" time="6.026"/>
</testsuite> <!-- cross browser testing in edge -->
