<?xml version="1.0" encoding="UTF-8"?>
<!-- Generated by org.testng.reporters.JUnitXMLReporter -->
<testsuite ignored="0" hostname="DESKTOP-KOE9CHU" failures="0" tests="7" name="Test" time="83.344" errors="0" timestamp="2023-07-06T12:04:25 IST">
  <testcase classname="TestLayer.Loginpage" name="validateloginFunctionality" time="1.803"/>
  <testcase classname="TestLayer.HomePage" name="homePageTitle" time="1.335"/>
  <testcase classname="TestLayer.HomePage" name="homePagrUrl" time="0.025"/>
  <testcase classname="TestLayer.HomePage" name="homePagrLogo" time="0.731"/>
  <testcase classname="TestLayer.PimPage" name="pimPageLink" time="15.63"/>
  <testcase classname="TestLayer.PimPage" name="addMoreDetails" time="16.964"/>
  <testcase classname="TestLayer.EmployeeSearchPage" name="searchEmployeeByName" time="33.37"/>
</testsuite> <!-- Test -->
